
Showing logs for build [32mcb-kubecd-environment-pr-184-26-whv2t-1[0m stage [32mfrom-build-pack[0m and container [32mstep-credential-initializer-t4c25[0m
{"level":"warn","ts":1584518538.18393,"logger":"fallback-logger","caller":"logging/config.go:69","msg":"Fetch GitHub commit ID from kodata failed: \"ref: refs/heads/0.8.0-**-support-backwards-incompats\" is not a valid GitHub commit ID"}
{"level":"info","ts":1584518538.1844327,"logger":"fallback-logger","caller":"creds-init/main.go:40","msg":"Credentials initialized."}

Showing logs for build [32mcb-kubecd-environment-pr-184-26-whv2t-1[0m stage [32mfrom-build-pack[0m and container [32mstep-working-dir-initializer-l5mvz[0m
{"level":"warn","ts":1584518539.1852093,"logger":"fallback-logger","caller":"logging/config.go:69","msg":"Fetch GitHub commit ID from kodata failed: open /var/run/ko/HEAD: no such file or directory"}
{"level":"info","ts":1584518539.2051358,"logger":"fallback-logger","caller":"bash/main.go:64","msg":"Successfully executed command \"sh -c mkdir -p /workspace/source\"; output "}

Showing logs for build [32mcb-kubecd-environment-pr-184-26-whv2t-1[0m stage [32mfrom-build-pack[0m and container [32mstep-place-tools[0m

Showing logs for build [32mcb-kubecd-environment-pr-184-26-whv2t-1[0m stage [32mfrom-build-pack[0m and container [32mstep-git-source-cb-kubecd-environment-pr-184-26-whv2t-5bvcv[0m
{"level":"warn","ts":1584518543.271422,"logger":"fallback-logger","caller":"logging/config.go:69","msg":"Fetch GitHub commit ID from kodata failed: \"ref: refs/heads/0.8.0-**-support-backwards-incompats\" is not a valid GitHub commit ID"}
{"level":"info","ts":1584518544.3199155,"logger":"fallback-logger","caller":"git/git.go:103","msg":"Successfully cloned https://github.com/cb-kubecd/environment-pr-184-26-boot-gke-staging.git @ master in path /workspace/source"}

Showing logs for build [32mcb-kubecd-environment-pr-184-26-whv2t-1[0m stage [32mfrom-build-pack[0m and container [32mstep-git-merge[0m
Using SHAs from PULL_REFS=master:6fcaaf885f84bb84a6d03897f6cb3e480e544995,6:8779d0f1381529e63f54048fcf4948b4edb688bd
DEBUG: LC_ALL=C JX_LOG_LEVEL=error git fetch origin --unshallow 8779d0f1381529e63f54048fcf4948b4edb688bd: 6fcaaf885f84bb84a6d03897f6cb3e480e544995:
DEBUG: ran git fetch --unshallow origin 8779d0f1381529e63f54048fcf4948b4edb688bd: 6fcaaf885f84bb84a6d03897f6cb3e480e544995: in 
DEBUG: LC_ALL=C JX_LOG_LEVEL=error git branch
DEBUG: LC_ALL=C JX_LOG_LEVEL=error git checkout master
DEBUG: ran git checkout master in 
DEBUG: LC_ALL=C JX_LOG_LEVEL=error git reset --hard 6fcaaf885f84bb84a6d03897f6cb3e480e544995
DEBUG: ran git reset --hard 6fcaaf885f84bb84a6d03897f6cb3e480e544995 in 
DEBUG: LC_ALL=C JX_LOG_LEVEL=error git clean -fd .
DEBUG: ran clean --force -d . in 
DEBUG: LC_ALL=C JX_LOG_LEVEL=error git merge 8779d0f1381529e63f54048fcf4948b4edb688bd
DEBUG: ran git merge 8779d0f1381529e63f54048fcf4948b4edb688bd in 
DEBUG: LC_ALL=C JX_LOG_LEVEL=error git log --format=%H%x1f%an%x1f%ae%x1f%cn%x1f%ce%x1f%s%n%b%x1e 6fcaaf885f84bb84a6d03897f6cb3e480e544995..HEAD
Merged SHA 8779d0f1381529e63f54048fcf4948b4edb688bd with commit message 'chore: Promote bdd-sbhg-import-1584517661 to version 0.0.1' into base branch master

Showing logs for build [32mcb-kubecd-environment-pr-184-26-whv2t-1[0m stage [32mfrom-build-pack[0m and container [32mstep-build-helm-build[0m
WARNING: No $CHART_REPOSITORY defined so using the default value of: http://jenkins-x-chartmuseum:8080
Adding missing Helm repo: storage.googleapis.com https://storage.googleapis.com/chartmuseum.jenkins-x.io
WARNING: No secrets found on "helm/repos" due: reading the secret "helm/repos" from vault: no secret "helm/repos" not found in vault
Read credentials for https://storage.googleapis.com/chartmuseum.jenkins-x.io from vault helm/repos
Successfully added Helm repository storage.googleapis.com.
Adding missing Helm repo: jenkins-x-chartmuseum http://jenkins-x-chartmuseum:8080
WARNING: No secrets found on "helm/repos" due: reading the secret "helm/repos" from vault: no secret "helm/repos" not found in vault
Read credentials for http://jenkins-x-chartmuseum:8080 from vault helm/repos
Successfully added Helm repository jenkins-x-chartmuseum.
WARNING: No $CHART_REPOSITORY defined so using the default value of: http://jenkins-x-chartmuseum:8080
Adding missing Helm repo: chartmuseum.jenkins-x.io http://chartmuseum.jenkins-x.io
WARNING: No secrets found on "helm/repos" due: reading the secret "helm/repos" from vault: no secret "helm/repos" not found in vault
Read credentials for http://chartmuseum.jenkins-x.io from vault helm/repos
Successfully added Helm repository chartmuseum.jenkins-x.io.
