
Showing logs for build [32mcb-kubecd-environment-pr-184-26-sw6hg-1[0m stage [32mfrom-build-pack[0m and container [32mstep-credential-initializer-t7qj5[0m
{"level":"warn","ts":1584515777.1750438,"logger":"fallback-logger","caller":"logging/config.go:69","msg":"Fetch GitHub commit ID from kodata failed: \"ref: refs/heads/0.8.0-**-support-backwards-incompats\" is not a valid GitHub commit ID"}
{"level":"info","ts":1584515777.1755304,"logger":"fallback-logger","caller":"creds-init/main.go:40","msg":"Credentials initialized."}

Showing logs for build [32mcb-kubecd-environment-pr-184-26-sw6hg-1[0m stage [32mfrom-build-pack[0m and container [32mstep-working-dir-initializer-6d6c9[0m
{"level":"warn","ts":1584515777.9341197,"logger":"fallback-logger","caller":"logging/config.go:69","msg":"Fetch GitHub commit ID from kodata failed: open /var/run/ko/HEAD: no such file or directory"}
{"level":"info","ts":1584515777.9421432,"logger":"fallback-logger","caller":"bash/main.go:64","msg":"Successfully executed command \"sh -c mkdir -p /workspace/source\"; output "}

Showing logs for build [32mcb-kubecd-environment-pr-184-26-sw6hg-1[0m stage [32mfrom-build-pack[0m and container [32mstep-place-tools[0m

Showing logs for build [32mcb-kubecd-environment-pr-184-26-sw6hg-1[0m stage [32mfrom-build-pack[0m and container [32mstep-git-source-cb-kubecd-environment-pr-184-26-sw6hg-mrhbn[0m
{"level":"warn","ts":1584515783.9753053,"logger":"fallback-logger","caller":"logging/config.go:69","msg":"Fetch GitHub commit ID from kodata failed: \"ref: refs/heads/0.8.0-**-support-backwards-incompats\" is not a valid GitHub commit ID"}
{"level":"info","ts":1584515784.9913862,"logger":"fallback-logger","caller":"git/git.go:103","msg":"Successfully cloned https://github.com/cb-kubecd/environment-pr-184-26-boot-gke-staging.git @ master in path /workspace/source"}

Showing logs for build [32mcb-kubecd-environment-pr-184-26-sw6hg-1[0m stage [32mfrom-build-pack[0m and container [32mstep-git-merge[0m
Using SHAs from PULL_REFS=master:113fccf880f393a66a3655c6f7bf84a3995afe3f,2:78556c6e4a891f6117265df66327c2c41dd0c626
DEBUG: LC_ALL=C JX_LOG_LEVEL=error git fetch origin --unshallow 78556c6e4a891f6117265df66327c2c41dd0c626: 113fccf880f393a66a3655c6f7bf84a3995afe3f:
DEBUG: ran git fetch --unshallow origin 78556c6e4a891f6117265df66327c2c41dd0c626: 113fccf880f393a66a3655c6f7bf84a3995afe3f: in 
DEBUG: LC_ALL=C JX_LOG_LEVEL=error git branch
DEBUG: LC_ALL=C JX_LOG_LEVEL=error git checkout master
DEBUG: ran git checkout master in 
DEBUG: LC_ALL=C JX_LOG_LEVEL=error git reset --hard 113fccf880f393a66a3655c6f7bf84a3995afe3f
DEBUG: ran git reset --hard 113fccf880f393a66a3655c6f7bf84a3995afe3f in 
DEBUG: LC_ALL=C JX_LOG_LEVEL=error git clean -fd .
DEBUG: ran clean --force -d . in 
DEBUG: LC_ALL=C JX_LOG_LEVEL=error git merge 78556c6e4a891f6117265df66327c2c41dd0c626
DEBUG: ran git merge 78556c6e4a891f6117265df66327c2c41dd0c626 in 
DEBUG: LC_ALL=C JX_LOG_LEVEL=error git log --format=%H%x1f%an%x1f%ae%x1f%cn%x1f%ce%x1f%s%n%b%x1e 113fccf880f393a66a3655c6f7bf84a3995afe3f..HEAD
Merged SHA 78556c6e4a891f6117265df66327c2c41dd0c626 with commit message 'chore: Promote bdd-sbhg-1584515416 to version 0.0.1' into base branch master

Showing logs for build [32mcb-kubecd-environment-pr-184-26-sw6hg-1[0m stage [32mfrom-build-pack[0m and container [32mstep-build-helm-build[0m
WARNING: No $CHART_REPOSITORY defined so using the default value of: http://jenkins-x-chartmuseum:8080
Adding missing Helm repo: storage.googleapis.com https://storage.googleapis.com/chartmuseum.jenkins-x.io
WARNING: No secrets found on "helm/repos" due: reading the secret "helm/repos" from vault: no secret "helm/repos" not found in vault
Read credentials for https://storage.googleapis.com/chartmuseum.jenkins-x.io from vault helm/repos
Successfully added Helm repository storage.googleapis.com.
Adding missing Helm repo: jenkins-x-chartmuseum http://jenkins-x-chartmuseum:8080
WARNING: No secrets found on "helm/repos" due: reading the secret "helm/repos" from vault: no secret "helm/repos" not found in vault
Read credentials for http://jenkins-x-chartmuseum:8080 from vault helm/repos
Successfully added Helm repository jenkins-x-chartmuseum.
WARNING: No $CHART_REPOSITORY defined so using the default value of: http://jenkins-x-chartmuseum:8080
Adding missing Helm repo: chartmuseum.jenkins-x.io http://chartmuseum.jenkins-x.io
WARNING: No secrets found on "helm/repos" due: reading the secret "helm/repos" from vault: no secret "helm/repos" not found in vault
Read credentials for http://chartmuseum.jenkins-x.io from vault helm/repos
Successfully added Helm repository chartmuseum.jenkins-x.io.
