
Showing logs for build [32mcb-kubecd-environment-pr-184-26-p5rmf-1[0m stage [32mfrom-build-pack[0m and container [32mstep-credential-initializer-lk75x[0m
{"level":"warn","ts":1584517972.1740766,"logger":"fallback-logger","caller":"logging/config.go:69","msg":"Fetch GitHub commit ID from kodata failed: \"ref: refs/heads/0.8.0-**-support-backwards-incompats\" is not a valid GitHub commit ID"}
{"level":"info","ts":1584517972.1770647,"logger":"fallback-logger","caller":"creds-init/main.go:40","msg":"Credentials initialized."}

Showing logs for build [32mcb-kubecd-environment-pr-184-26-p5rmf-1[0m stage [32mfrom-build-pack[0m and container [32mstep-working-dir-initializer-976l7[0m
{"level":"warn","ts":1584517973.1008503,"logger":"fallback-logger","caller":"logging/config.go:69","msg":"Fetch GitHub commit ID from kodata failed: open /var/run/ko/HEAD: no such file or directory"}
{"level":"info","ts":1584517973.1024501,"logger":"fallback-logger","caller":"bash/main.go:64","msg":"Successfully executed command \"sh -c mkdir -p /workspace/source\"; output "}

Showing logs for build [32mcb-kubecd-environment-pr-184-26-p5rmf-1[0m stage [32mfrom-build-pack[0m and container [32mstep-place-tools[0m

Showing logs for build [32mcb-kubecd-environment-pr-184-26-p5rmf-1[0m stage [32mfrom-build-pack[0m and container [32mstep-git-source-cb-kubecd-environment-pr-184-26-p5rmf-z6ft4[0m
{"level":"warn","ts":1584517979.2626293,"logger":"fallback-logger","caller":"logging/config.go:69","msg":"Fetch GitHub commit ID from kodata failed: \"ref: refs/heads/0.8.0-**-support-backwards-incompats\" is not a valid GitHub commit ID"}
{"level":"info","ts":1584517980.3158288,"logger":"fallback-logger","caller":"git/git.go:103","msg":"Successfully cloned https://github.com/cb-kubecd/environment-pr-184-26-boot-gke-staging.git @ master in path /workspace/source"}

Showing logs for build [32mcb-kubecd-environment-pr-184-26-p5rmf-1[0m stage [32mfrom-build-pack[0m and container [32mstep-git-merge[0m
Using SHAs from PULL_REFS=master:ff796cdd3ecb6267a2b093e2aee58bdd92e6190a,5:de495d11952851f0e586b36ad844ef8551a2548f
DEBUG: LC_ALL=C JX_LOG_LEVEL=error git fetch origin --unshallow de495d11952851f0e586b36ad844ef8551a2548f: ff796cdd3ecb6267a2b093e2aee58bdd92e6190a:
DEBUG: ran git fetch --unshallow origin de495d11952851f0e586b36ad844ef8551a2548f: ff796cdd3ecb6267a2b093e2aee58bdd92e6190a: in 
DEBUG: LC_ALL=C JX_LOG_LEVEL=error git branch
DEBUG: LC_ALL=C JX_LOG_LEVEL=error git checkout master
DEBUG: ran git checkout master in 
DEBUG: LC_ALL=C JX_LOG_LEVEL=error git reset --hard ff796cdd3ecb6267a2b093e2aee58bdd92e6190a
DEBUG: ran git reset --hard ff796cdd3ecb6267a2b093e2aee58bdd92e6190a in 
DEBUG: JX_LOG_LEVEL=error LC_ALL=C git clean -fd .
DEBUG: ran clean --force -d . in 
DEBUG: LC_ALL=C JX_LOG_LEVEL=error git merge de495d11952851f0e586b36ad844ef8551a2548f
DEBUG: ran git merge de495d11952851f0e586b36ad844ef8551a2548f in 
DEBUG: LC_ALL=C JX_LOG_LEVEL=error git log --format=%H%x1f%an%x1f%ae%x1f%cn%x1f%ce%x1f%s%n%b%x1e ff796cdd3ecb6267a2b093e2aee58bdd92e6190a..HEAD
Merged SHA de495d11952851f0e586b36ad844ef8551a2548f with commit message 'chore: Promote bdd-ghf**y-import-1584517661 to version 0.0.1' into base branch master

Showing logs for build [32mcb-kubecd-environment-pr-184-26-p5rmf-1[0m stage [32mfrom-build-pack[0m and container [32mstep-build-helm-build[0m
WARNING: No $CHART_REPOSITORY defined so using the default value of: http://jenkins-x-chartmuseum:8080
Adding missing Helm repo: storage.googleapis.com https://storage.googleapis.com/chartmuseum.jenkins-x.io
WARNING: No secrets found on "helm/repos" due: reading the secret "helm/repos" from vault: no secret "helm/repos" not found in vault
Read credentials for https://storage.googleapis.com/chartmuseum.jenkins-x.io from vault helm/repos
Successfully added Helm repository storage.googleapis.com.
Adding missing Helm repo: jenkins-x-chartmuseum http://jenkins-x-chartmuseum:8080
WARNING: No secrets found on "helm/repos" due: reading the secret "helm/repos" from vault: no secret "helm/repos" not found in vault
Read credentials for http://jenkins-x-chartmuseum:8080 from vault helm/repos
Successfully added Helm repository jenkins-x-chartmuseum.
WARNING: No $CHART_REPOSITORY defined so using the default value of: http://jenkins-x-chartmuseum:8080
Adding missing Helm repo: chartmuseum.jenkins-x.io http://chartmuseum.jenkins-x.io
WARNING: No secrets found on "helm/repos" due: reading the secret "helm/repos" from vault: no secret "helm/repos" not found in vault
Read credentials for http://chartmuseum.jenkins-x.io from vault helm/repos
Successfully added Helm repository chartmuseum.jenkins-x.io.
